<?xml version="1.0" encoding="UTF-8"?>
<!-- Generated by org.testng.reporters.JUnitReportReporter -->
<testsuite skipped="1" hostname="DESKTOP-EJCADE2" name="testRunner.ApiRunner" tests="1" failures="0" timestamp="12 Nov 2019 23:08:22 GMT" time="0.517" errors="0">
  <testcase name="runScenario" time="0.517" classname="testRunner.ApiRunner">
    <skipped/>
  </testcase> <!-- runScenario -->
</testsuite> <!-- testRunner.ApiRunner -->
