<?xml version="1.0" encoding="UTF-8"?>
<!-- Generated by org.testng.reporters.JUnitReportReporter -->
<testsuite skipped="1" hostname="DESKTOP-EJCADE2" name="RestExample" tests="2" failures="0" timestamp="12 Nov 2019 21:37:34 GMT" time="4.243" errors="0">
  <testcase name="Test2" time="4.243" classname="RestExample"/>
  <testcase name="Test1" classname="RestExample">
    <skipped/>
  </testcase> <!-- Test1 -->
</testsuite> <!-- RestExample -->
